Using pre-set license
Built from '2020.3/staging' branch; Version is '2020.3.4f1 (0abb6314276a) revision 703331'; Using compiler version '192528614'; Build Type 'Release'
OS: 'Windows 10 Enterprise 2016 LTSB; OS build 14393.0; Version 1607; 64bit' Language: 'es' Physical Memory: 4079 MB
BatchMode: 1, IsHumanControllingUs: 0, StartBugReporterOnCrash: 0, Is64bit: 1, IsPro: 0

 COMMAND LINE ARGUMENTS:
C:\Program Files\Unity\Hub\Editor\2020.3.4f1\Editor\Unity.exe
-adb2
-batchMode
-noUpm
-name
AssetImportWorker1
-projectPath
C:/Users/SERVIDOR/Documents/GitHub/GAME/TRAVEL
-logFile
Logs/AssetImportWorker1.log
-srvPort
49891
Successfully changed project path to: C:/Users/SERVIDOR/Documents/GitHub/GAME/TRAVEL
C:/Users/SERVIDOR/Documents/GitHub/GAME/TRAVEL
Using Asset Import Pipeline V2.
Refreshing native plugins compatible for Editor in 103.72 ms, found 1 plugins.
Preloading 0 native plugins for Editor in 0.00 ms.
Initialize engine version: 2020.3.4f1 (0abb6314276a)
[Subsystems] Discovering subsystems at path C:/Program Files/Unity/Hub/Editor/2020.3.4f1/Editor/Data/Resources/UnitySubsystems
[Subsystems] Discovering subsystems at path C:/Users/SERVIDOR/Documents/GitHub/GAME/TRAVEL/Assets
GfxDevice: creating device client; threaded=0
Direct3D:
    Version:  Direct3D 11.0 [level 11.0]
    Renderer: NVIDIA GeForce GT 610 (ID=0x104a)
    Vendor:   
    VRAM:     1989 MB
    Driver:   23.21.13.9135
Initialize mono
Mono path[0] = 'C:/Program Files/Unity/Hub/Editor/2020.3.4f1/Editor/Data/Managed'
Mono path[1] = 'C:/Program Files/Unity/Hub/Editor/2020.3.4f1/Editor/Data/MonoBleedingEdge/lib/mono/unityjit'
Mono config path = 'C:/Program Files/Unity/Hub/Editor/2020.3.4f1/Editor/Data/MonoBleedingEdge/etc'
Using monoOptions --debugger-agent=transport=dt_socket,embedding=1,server=y,suspend=n,address=127.0.0.1:56932
Begin MonoManager ReloadAssembly
Registering precompiled unity dll's ...
Register platform support module: C:/Program Files/Unity/Hub/Editor/2020.3.4f1/Editor/Data/PlaybackEngines/WebGLSupport/UnityEditor.WebGL.Extensions.dll
Register platform support module: C:/Program Files/Unity/Hub/Editor/2020.3.4f1/Editor/Data/PlaybackEngines/WindowsStandaloneSupport/UnityEditor.WindowsStandalone.Extensions.dll
Registered in 0.004644 seconds.
Native extension for WindowsStandalone target not found
Native extension for WebGL target not found
Refreshing native plugins compatible for Editor in 85.07 ms, found 1 plugins.
Preloading 0 native plugins for Editor in 0.00 ms.
Mono: successfully reloaded assembly
- Completed reload, in  4.317 seconds
Platform modules already initialized, skipping
Registering precompiled user dll's ...
Registered in 0.001384 seconds.
Begin MonoManager ReloadAssembly
Native extension for WindowsStandalone target not found
Native extension for WebGL target not found
Refreshing native plugins compatible for Editor in 76.68 ms, found 1 plugins.
Preloading 0 native plugins for Editor in 0.00 ms.
Mono: successfully reloaded assembly
- Completed reload, in  2.435 seconds
Platform modules already initialized, skipping
========================================================================
Worker process is ready to serve import requests
Launched and connected shader compiler UnityShaderCompiler.exe after 0.17 seconds
Refreshing native plugins compatible for Editor in 1.03 ms, found 1 plugins.
Preloading 0 native plugins for Editor in 0.00 ms.
Unloading 1835 Unused Serialized files (Serialized files now loaded: 0)
System memory in use before: 85.5 MB.
System memory in use after: 85.6 MB.

Unloading 19 unused Assets to reduce memory usage. Loaded Objects now: 2282.
Total: 5.717584 ms (FindLiveObjects: 0.980257 ms CreateObjectMapping: 0.244627 ms MarkObjects: 4.345923 ms  DeleteObjects: 0.142699 ms)

========================================================================
Received Import Request.
  path: Assets/Scripts/HeroMove.cs
  artifactKey: Guid(49feb3307dcf4144ea26a2934d13f679) Importer(815301076,1909f56bfc062723c751e8b465ee728b)
Start importing Assets/Scripts/HeroMove.cs using Guid(49feb3307dcf4144ea26a2934d13f679) Importer(815301076,1909f56bfc062723c751e8b465ee728b)  -> (artifact id: 'df7d2d1e03997711a169fc74b8e3a8b1') in 0.204598 seconds
  Import took 0.226162 seconds .

========================================================================
Received Import Request.
  Time since last request: 0.000895 seconds.
  path: Assets/Scripts/IsGrounded.cs
  artifactKey: Guid(4cd7514b8f4b4ef4191322cdee2c6d0a) Importer(815301076,1909f56bfc062723c751e8b465ee728b)
Start importing Assets/Scripts/IsGrounded.cs using Guid(4cd7514b8f4b4ef4191322cdee2c6d0a) Importer(815301076,1909f56bfc062723c751e8b465ee728b)  -> (artifact id: 'f5db501094142359ae49523fa6527d3b') in 0.003937 seconds
  Import took 0.022653 seconds .

========================================================================
Received Import Request.
  Time since last request: 0.001065 seconds.
  path: Assets/Scripts/Checkground.cs
  artifactKey: Guid(17e2b53e31e1c9446b055b4ad4456574) Importer(815301076,1909f56bfc062723c751e8b465ee728b)
Start importing Assets/Scripts/Checkground.cs using Guid(17e2b53e31e1c9446b055b4ad4456574) Importer(815301076,1909f56bfc062723c751e8b465ee728b)  -> (artifact id: 'abf9c588fd1ce8d52db3feeab4ba7ac9') in 0.005798 seconds
  Import took 0.013991 seconds .

========================================================================
Received Import Request.
  Time since last request: 0.000836 seconds.
  path: Assets/Scripts/PlayerMovement.cs
  artifactKey: Guid(8e6747ef99491bb45856563788b130d3) Importer(815301076,1909f56bfc062723c751e8b465ee728b)
Start importing Assets/Scripts/PlayerMovement.cs using Guid(8e6747ef99491bb45856563788b130d3) Importer(815301076,1909f56bfc062723c751e8b465ee728b)  -> (artifact id: 'cabf60adceb08d827e997dc6bcdfa3ab') in 0.002807 seconds
  Import took 0.017126 seconds .

========================================================================
Received Import Request.
  Time since last request: 0.000340 seconds.
  path: Assets/Scripts/CameraFollow.cs
  artifactKey: Guid(f2cb76a6482536e46b9916630eab9284) Importer(815301076,1909f56bfc062723c751e8b465ee728b)
Start importing Assets/Scripts/CameraFollow.cs using Guid(f2cb76a6482536e46b9916630eab9284) Importer(815301076,1909f56bfc062723c751e8b465ee728b)  -> (artifact id: '1dcd6c0108a586104d819f0e01f1fd2c') in 0.004916 seconds
  Import took 0.020777 seconds .

========================================================================
Received Import Request.
  Time since last request: 0.000944 seconds.
  path: Assets/Scripts/Ataque.cs
  artifactKey: Guid(03a55488bc1c3b347a5b363b05482577) Importer(815301076,1909f56bfc062723c751e8b465ee728b)
Start importing Assets/Scripts/Ataque.cs using Guid(03a55488bc1c3b347a5b363b05482577) Importer(815301076,1909f56bfc062723c751e8b465ee728b)  -> (artifact id: '5ac235deec6ff5e157dccb8d4aec97d9') in 0.004587 seconds
  Import took 0.011981 seconds .

========================================================================
Received Import Request.
  Time since last request: 0.000372 seconds.
  path: Assets/Scripts/IAEnemy.cs
  artifactKey: Guid(b922d31ebb1ec3a4c920946015422568) Importer(815301076,1909f56bfc062723c751e8b465ee728b)
Start importing Assets/Scripts/IAEnemy.cs using Guid(b922d31ebb1ec3a4c920946015422568) Importer(815301076,1909f56bfc062723c751e8b465ee728b)  -> (artifact id: '96ffe315c5eeb408a213343aa5266c57') in 0.002760 seconds
  Import took 0.021672 seconds .

AssetImportWorkerClient::OnTransportError - code=2 error=End of file
